<?xml version="1.0" encoding="UTF-8"?>
<!-- Generated by org.testng.reporters.JUnitReportReporter -->
<testsuite hostname="MSGN21027" failures="0" tests="1" name="reportNGReports.ReportNGReportsTest" time="7.408" errors="0" timestamp="2024-11-14T09:41:06 MEZ" skipped="0">
  <testcase classname="reportNGReports.ReportNGReportsTest" name="sampleSeleniumCode" time="7.408">
    <system-out>
      <![CDATA[Test execution started.
Chrome Browser launched.
Navigated to application URL.
Test execution completed.
<img src="C:\Users\rosink\eclipse-workspace-SeleniumAdditionalTopics\reportNGReports\screenshots\screenshot1.png"/>]]>
    </system-out>
  </testcase> <!-- sampleSeleniumCode -->
  <system-out>
    <![CDATA[Test execution started.
Chrome Browser launched.
Navigated to application URL.
Test execution completed.
<img src="C:\Users\rosink\eclipse-workspace-SeleniumAdditionalTopics\reportNGReports\screenshots\screenshot1.png"/>]]>
  </system-out>
</testsuite> <!-- reportNGReports.ReportNGReportsTest -->
